<?xml version="1.0" encoding="UTF-8"?>
<!-- Generated by org.testng.reporters.JUnitXMLReporter -->
<testsuite hostname="GCI-VPRATTY" name="Default test" tests="7" failures="0" timestamp="11 Feb 2014 16:11:34 GMT" time="468.12" errors="0">
  <testcase name="PRST_STRBLG_219" time="82.495" classname="com.presto.testscripts.PRST_STRBLG_219"/>
  <testcase name="PRST_CONT_001" time="22.948" classname="com.presto.testscripts.PRST_CONT_001"/>
  <testcase name="PRST_STRBLG_002" time="33.497" classname="com.presto.testscripts.PRST_STRBLG_002"/>
  <testcase name="PRST_STRBLG_316" time="172.612" classname="com.presto.testscripts.PRST_STRBLG_316"/>
  <testcase name="PRST_STRBLG_309" time="53.689" classname="com.presto.testscripts.PRST_STRBLG_309"/>
  <testcase name="PRST_STRBLG_005" time="48.592" classname="com.presto.testscripts.PRST_STRBLG_005"/>
  <testcase name="PRST_STRBLG_199" time="54.26" classname="com.presto.testscripts.PRST_STRBLG_199"/>
</testsuite> <!-- Default test -->
