<?xml version="1.0" encoding="UTF-8"?>
<!-- Generated by org.testng.reporters.JUnitXMLReporter -->
<testsuite hostname="GCI-VPRATTY" name="Test" tests="7" failures="1" timestamp="12 Feb 2014 16:44:51 GMT" time="291.783" errors="0">
  <testcase name="PRST_CONT_001" time="88.273" classname="com.presto.testscripts.PRST_CONT_001"/>
  <testcase name="PRST_STRBLG_309" time="21.408" classname="com.presto.testscripts.PRST_STRBLG_309">
    <failure type="java.lang.Exception" message="Step 0: FAIL--Error connecting with login URI--Stack: [Ljava.lang.StackTraceElement;@25ac9654">
      <![CDATA[java.lang.Exception: Step 0: FAIL--Error connecting with login URI--Stack: [Ljava.lang.StackTraceElement;@25ac9654
	at com.presto.testscripts.PRST_STRBLG_309.PRST_STRBLG_309(PRST_STRBLG_309.java:70)
	at java.util.concurrent.ThreadPoolExecutor.runWorker(ThreadPoolExecutor.java:1145)
	at java.util.concurrent.ThreadPoolExecutor$Worker.run(ThreadPoolExecutor.java:615)
	at java.lang.Thread.run(Thread.java:744)
... Removed 10 stack frames]]>
    </failure>
  </testcase> <!-- PRST_STRBLG_309 -->
  <testcase name="PRST_STRBLG_002" time="112.582" classname="com.presto.testscripts.PRST_STRBLG_002"/>
  <testcase name="PRST_STRBLG_005" time="130.002" classname="com.presto.testscripts.PRST_STRBLG_005"/>
  <testcase name="PRST_STRBLG_219" time="130.58" classname="com.presto.testscripts.PRST_STRBLG_219"/>
  <testcase name="PRST_STRBLG_199" time="133.501" classname="com.presto.testscripts.PRST_STRBLG_199"/>
  <testcase name="PRST_STRBLG_316" time="181.994" classname="com.presto.testscripts.PRST_STRBLG_316"/>
</testsuite> <!-- Test -->
