<?xml version="1.0" encoding="UTF-8"?>
<!-- Generated by org.testng.reporters.JUnitXMLReporter -->
<testsuite hostname="GCI-VPRATTY" name="Test" tests="7" failures="0" timestamp="11 Feb 2014 19:27:03 GMT" time="433.2" errors="0">
  <testcase name="PRST_CONT_001" time="20.42" classname="com.presto.testscripts.PRST_CONT_001"/>
  <testcase name="PRST_STRBLG_002" time="32.683" classname="com.presto.testscripts.PRST_STRBLG_002"/>
  <testcase name="PRST_STRBLG_005" time="45.242" classname="com.presto.testscripts.PRST_STRBLG_005"/>
  <testcase name="PRST_STRBLG_199" time="36.927" classname="com.presto.testscripts.PRST_STRBLG_199"/>
  <testcase name="PRST_STRBLG_219" time="74.955" classname="com.presto.testscripts.PRST_STRBLG_219"/>
  <testcase name="PRST_STRBLG_309" time="52.923" classname="com.presto.testscripts.PRST_STRBLG_309"/>
  <testcase name="PRST_STRBLG_316" time="170.039" classname="com.presto.testscripts.PRST_STRBLG_316"/>
</testsuite> <!-- Test -->
