<?xml version="1.0" encoding="UTF-8"?>
<testng-results skipped="0" failed="0" total="1" passed="1">
  <reporter-output>
  </reporter-output>
  <suite name="Default suite" duration-ms="21861" started-at="2014-02-11T15:36:34Z" finished-at="2014-02-11T15:36:56Z">
    <groups>
    </groups>
    <test name="Default test" duration-ms="21861" started-at="2014-02-11T15:36:34Z" finished-at="2014-02-11T15:36:56Z">
      <class name="com.presto.testscripts.PRST_CONT_001">
        <test-method status="PASS" signature="PRST_CONT_001()[pri:0, instance:com.presto.testscripts.PRST_CONT_001@4f7ceeaa]" name="PRST_CONT_001" duration-ms="21840" started-at="2014-02-11T10:36:34Z" finished-at="2014-02-11T10:36:56Z">
          <reporter-output>
          </reporter-output>
        </test-method> <!-- PRST_CONT_001 -->
      </class> <!-- com.presto.testscripts.PRST_CONT_001 -->
    </test> <!-- Default test -->
  </suite> <!-- Default suite -->
</testng-results>
